{
  "RSpec": {
    "coverage": {
      "/home/marielb/saludtech_todo_app/app/helpers/application_helper.rb": {
        "lines": [
          1,
          null
        ],
        "branches": {}
      },
      "/home/marielb/saludtech_todo_app/app/jobs/estimation_job.rb": {
        "lines": [
          1,
          1,
          null,
          1,
          1,
          1,
          null,
          null,
          1,
          1,
          null,
          0,
          null,
          null
        ],
        "branches": {
          "[:unless, 0, 6, 4, 6, 22]": {
            "[:else, 1, 6, 4, 6, 22]": 1,
            "[:then, 2, 6, 4, 6, 10]": 0
          },
          "[:if, 3, 10, 4, 10, 63]": {
            "[:then, 4, 10, 4, 10, 43]": 1,
            "[:else, 5, 10, 4, 10, 63]": 0
          }
        }
      },
      "/home/marielb/saludtech_todo_app/app/jobs/application_job.rb": {
        "lines": [
          1,
          null,
          null,
          null,
          null,
          null,
          null
        ],
        "branches": {}
      },
      "/home/marielb/saludtech_todo_app/app/models/task.rb": {
        "lines": [
          1,
          1,
          1,
          null,
          1,
          null,
          1,
          0,
          null,
          null,
          1,
          null,
          1,
          5,
          null,
          0,
          null,
          null,
          5,
          null,
          null,
          null
        ],
        "branches": {
          "[:if, 0, 14, 4, 20, 7]": {
            "[:then, 1, 16, 6, 16, 35]": 0,
            "[:else, 2, 19, 6, 19, 37]": 5
          }
        }
      },
      "/home/marielb/saludtech_todo_app/app/models/application_record.rb": {
        "lines": [
          1,
          1,
          null
        ],
        "branches": {}
      },
      "/home/marielb/saludtech_todo_app/app/services/estimation_service.rb": {
        "lines": [
          null,
          1,
          null,
          1,
          1,
          1,
          null,
          null,
          null,
          1,
          null,
          0,
          null,
          0,
          0,
          null,
          null,
          null,
          null,
          null,
          null,
          null,
          null,
          null,
          null,
          null,
          null,
          0,
          0,
          null,
          0,
          0,
          null,
          null,
          1,
          null,
          1,
          1,
          null,
          0,
          null,
          null,
          1,
          0,
          null,
          null,
          1,
          0,
          null,
          null,
          null,
          null,
          null,
          null,
          null,
          1,
          0,
          null,
          0,
          0,
          null,
          0,
          null,
          0,
          null,
          null,
          null,
          1,
          0,
          null,
          0,
          0,
          null,
          null,
          null,
          null,
          null,
          1,
          0,
          0,
          null,
          0,
          null,
          null
        ],
        "branches": {
          "[:if, 0, 2, 0, 2, 36]": {
            "[:then, 1, 2, 0, 2, 16]": 1,
            "[:else, 2, 2, 0, 2, 36]": 0
          },
          "[:unless, 3, 12, 4, 12, 65]": {
            "[:else, 4, 12, 4, 12, 65]": 0,
            "[:then, 5, 12, 4, 12, 40]": 0
          },
          "[:unless, 6, 38, 4, 38, 52]": {
            "[:else, 7, 38, 4, 38, 52]": 0,
            "[:then, 8, 38, 4, 38, 14]": 1
          },
          "[:unless, 9, 57, 4, 57, 26]": {
            "[:else, 10, 57, 4, 57, 26]": 0,
            "[:then, 11, 57, 4, 57, 14]": 0
          },
          "[:if, 12, 59, 4, 65, 7]": {
            "[:then, 13, 60, 6, 62, 22]": 0,
            "[:else, 14, 64, 6, 64, 15]": 0
          },
          "[:unless, 15, 69, 4, 69, 26]": {
            "[:else, 16, 69, 4, 69, 26]": 0,
            "[:then, 17, 69, 4, 69, 14]": 0
          },
          "[:if, 18, 71, 4, 75, 7]": {
            "[:then, 19, 72, 6, 72, 33]": 0,
            "[:else, 20, 71, 4, 75, 7]": 0
          }
        }
      },
      "/home/marielb/saludtech_todo_app/app/controllers/tasks_controller.rb": {
        "lines": [
          1,
          1,
          null,
          null,
          1,
          0,
          null,
          null,
          null,
          1,
          null,
          null,
          1,
          0,
          null,
          null,
          null,
          1,
          null,
          null,
          1,
          1,
          1,
          1,
          null,
          0,
          null,
          null,
          null,
          null,
          1,
          0,
          0,
          null,
          0,
          null,
          null,
          null,
          null,
          1,
          0,
          0,
          null,
          null,
          null,
          1,
          1,
          1,
          null,
          null,
          1,
          null,
          1,
          1,
          null,
          null,
          1,
          1,
          null,
          null
        ],
        "branches": {
          "[:if, 0, 23, 4, 27, 7]": {
            "[:then, 1, 24, 6, 24, 72]": 1,
            "[:else, 2, 26, 6, 26, 48]": 0
          },
          "[:if, 3, 32, 4, 36, 7]": {
            "[:then, 4, 33, 6, 33, 53]": 0,
            "[:else, 5, 35, 6, 35, 49]": 0
          }
        }
      },
      "/home/marielb/saludtech_todo_app/app/controllers/application_controller.rb": {
        "lines": [
          null,
          null,
          1,
          null
        ],
        "branches": {}
      },
      "/home/marielb/saludtech_todo_app/app/channels/application_cable/channel.rb": {
        "lines": [
          0,
          0,
          0,
          0
        ],
        "branches": {}
      },
      "/home/marielb/saludtech_todo_app/app/channels/application_cable/connection.rb": {
        "lines": [
          0,
          0,
          0,
          0
        ],
        "branches": {}
      },
      "/home/marielb/saludtech_todo_app/app/mailers/application_mailer.rb": {
        "lines": [
          0,
          0,
          0,
          0
        ],
        "branches": {}
      }
    },
    "timestamp": 1756502001
  }
}
